<?xml version="1.0" encoding="UTF-8"?>
<!-- Generated by org.testng.reporters.JUnitReportReporter -->
<testsuite skipped="0" hostname="Gow2" name="seleniumdemo.Demo" tests="1" failures="0" timestamp="28 Feb 2020 12:00:11 GMT" time="11.658" errors="0">
  <testcase name="testone" time="11.658" classname="seleniumdemo.Demo"/>
</testsuite> <!-- seleniumdemo.Demo -->
